<?xml version="1.0" encoding="UTF-8"?>
<!-- Generated by org.testng.reporters.JUnitReportReporter -->
<testsuite hostname="DESKTOP-7G8E9K1" failures="0" tests="2" name="instagramFeatures.Sridhar" time="33.308" errors="0" timestamp="2024-10-21T09:57:12 IST" skipped="0">
  <testcase classname="instagramFeatures.Sridhar" name="login" time="1.237"/>
  <testcase classname="instagramFeatures.Sridhar" name="findandsend" time="32.071"/>
</testsuite> <!-- instagramFeatures.Sridhar -->
