<?xml version="1.0" encoding="UTF-8"?>
<!-- Generated by org.testng.reporters.JUnitReportReporter -->
<testsuite hostname="DESKTOP-7G8E9K1" failures="0" tests="4" name="instagramFeatures.OpenCartRegisterAndLogin" time="89.971" errors="0" timestamp="2024-10-22T17:09:52 GMT+05:30" skipped="0">
  <testcase classname="instagramFeatures.OpenCartRegisterAndLogin" name="login" time="22.174"/>
  <testcase classname="instagramFeatures.OpenCartRegisterAndLogin" name="login2" time="22.641"/>
  <testcase classname="instagramFeatures.OpenCartRegisterAndLogin" name="login1" time="22.972"/>
  <testcase classname="instagramFeatures.OpenCartRegisterAndLogin" name="login4" time="22.184"/>
</testsuite> <!-- instagramFeatures.OpenCartRegisterAndLogin -->
